CRITICAL - 2024-10-08 04:48:51 --> Error: Class "App\Controllers\SubscriptionModel" not found
[Method: POST, Route: subscription/subscribe]
in APPPATH\Controllers\Home.php on line 226.
 1 SYSTEMPATH\CodeIgniter.php(933): App\Controllers\Home->Subscribe()
 2 SYSTEMPATH\CodeIgniter.php(509): CodeIgniter\CodeIgniter->runController()
 3 SYSTEMPATH\CodeIgniter.php(355): CodeIgniter\CodeIgniter->handleRequest()
 4 SYSTEMPATH\Boot.php(325): CodeIgniter\CodeIgniter->run()
 5 SYSTEMPATH\Boot.php(67): CodeIgniter\Boot::runCodeIgniter()
 6 FCPATH\index.php(56): CodeIgniter\Boot::bootWeb()
 7 SYSTEMPATH\rewrite.php(50): require_once('C:\\xampp\\htdocs\\godsline.aranea.in\\index.php')
CRITICAL - 2024-10-08 04:49:01 --> Error: Class "App\Controllers\SubscriptionModel" not found
[Method: POST, Route: subscription/subscribe]
in APPPATH\Controllers\Home.php on line 226.
 1 SYSTEMPATH\CodeIgniter.php(933): App\Controllers\Home->Subscribe()
 2 SYSTEMPATH\CodeIgniter.php(509): CodeIgniter\CodeIgniter->runController()
 3 SYSTEMPATH\CodeIgniter.php(355): CodeIgniter\CodeIgniter->handleRequest()
 4 SYSTEMPATH\Boot.php(325): CodeIgniter\CodeIgniter->run()
 5 SYSTEMPATH\Boot.php(67): CodeIgniter\Boot::runCodeIgniter()
 6 FCPATH\index.php(56): CodeIgniter\Boot::bootWeb()
 7 SYSTEMPATH\rewrite.php(50): require_once('C:\\xampp\\htdocs\\godsline.aranea.in\\index.php')
